{"/Users/snggeng/Dev/js/kpcb_challenge/test/hashMap.js":{"path":"/Users/snggeng/Dev/js/kpcb_challenge/test/hashMap.js","s":{"1":1,"2":1,"3":0,"4":0,"5":0},"b":{},"f":{"1":0,"2":0,"3":0},"fnMap":{"1":{"name":"(anonymous_1)","line":3,"loc":{"start":{"line":3,"column":20},"end":{"line":3,"column":32}}},"2":{"name":"(anonymous_2)","line":4,"loc":{"start":{"line":4,"column":21},"end":{"line":4,"column":33}}},"3":{"name":"(anonymous_3)","line":5,"loc":{"start":{"line":5,"column":40},"end":{"line":5,"column":52}}}},"statementMap":{"1":{"start":{"line":1,"column":0},"end":{"line":1,"column":30}},"2":{"start":{"line":2,"column":0},"end":{"line":2,"column":38}},"3":{"start":{"line":3,"column":0},"end":{"line":9,"column":2}},"4":{"start":{"line":4,"column":2},"end":{"line":8,"column":4}},"5":{"start":{"line":5,"column":4},"end":{"line":7,"column":6}}},"branchMap":{}}}